#
# A fatal error has been detected by the Java Runtime Environment:
#
#  SIGSEGV (0xb) at pc=0x0000000000000000, pid=18685, tid=18763
#
# JRE version: OpenJDK Runtime Environment Temurin-21+35 (21.0+35) (build 21+35-LTS)
# Java VM: OpenJDK 64-Bit Server VM Temurin-21+35 (21+35-LTS, mixed mode, sharing, tiered, compressed oops, compressed class ptrs, g1 gc, linux-amd64)
# Problematic frame:
# C  [libopenal64.so+0x204d1]  aluMixData+0xd1
#
# Core dump will be written. Default location: Core dumps may be processed with "/usr/share/apport/apport -p%p -s%s -c%c -d%d -P%P -u%u -g%g -- %E" (or dumping to /home/lucas/Documents/r-ok/core.18685)
#
# If you would like to submit a bug report, please visit:
#   https://github.com/adoptium/adoptium-support/issues
#

---------------  S U M M A R Y ------------

Command Line: -javaagent:/home/lucas/Téléchargements/ideaIU-2023.2.3/idea-IU-232.10072.27/lib/idea_rt.jar=46247:/home/lucas/Téléchargements/ideaIU-2023.2.3/idea-IU-232.10072.27/bin -Dfile.encoding=UTF-8 -Dsun.stdout.encoding=UTF-8 -Dsun.stderr.encoding=UTF-8 fr.did.R_OK

Host: Intel(R) Core(TM) i5-6400 CPU @ 2.70GHz, 4 cores, 7G, Ubuntu 22.04.3 LTS
Time: Thu Apr 25 15:47:53 2024 CEST elapsed time: 49.221165 seconds (0d 0h 0m 49s)

---------------  T H R E A D  ---------------

Current thread is native thread

Stack: [0x00007f9f69500000,0x00007f9f69600000],  sp=0x00007f9f695fec60,  free space=1019k
Native frames: (J=compiled Java code, j=interpreted, Vv=VM code, C=native code)
C  [libopenal64.so+0x204d1]  aluMixData+0xd1

siginfo: si_signo: 11 (SIGSEGV), si_code: 1 (SEGV_MAPERR), si_addr: 0x0000000000000000

Registers:
RAX=0x00007f9f69c577c0, RBX=0x0000000000000400, RCX=0x0000000000000000, RDX=0x00007f9f746cdf00
RSP=0x00007f9f695fec58, RBP=0x00007f9f746b9d70, RSI=0x0000000000000000, RDI=0x00007f9f746b9d70
R8 =0x00007f9f746d2100, R9 =0x0000000000000000, R10=0x00007f9f695feda0, R11=0x0000000000000202
R12=0x00007f9f746bdf00, R13=0x0000000000012000, R14=0x0000000000001000, R15=0x00007f9f695fee08
RIP=0x0000000000000000, EFLAGS=0x0000000000010246, CSGSFS=0x002b000000000033, ERR=0x0000000000000014
  TRAPNO=0x000000000000000e


Top of Stack: (sp=0x00007f9f695fec58)
0x00007f9f695fec58:   00007f9f69a204d1 00007f9f69dc8f30
0x00007f9f695fec68:   000000003607d400 00000000bb800000
0x00007f9f695fec78:   00007f9f69d643a0 00007f9f00000000
0x00007f9f695fec88:   00007fa0537148d4 00007f9f695fece7
0x00007f9f695fec98:   0000000000000001 00007f9f695fecf7
0x00007f9f695feca8:   0000000000000001 00007f9f90005b40
0x00007f9f695fecb8:   00007f9f69d490c6 00007f9f90001800
0x00007f9f695fecc8:   0000000000002000 0000000000000000
0x00007f9f695fecd8:   0000000000000000 0000000000000000
0x00007f9f695fece8:   00007f9f69dc80ee 57007f9f695fed10
0x00007f9f695fecf8:   97e95b853607d400 0000000000002000
0x00007f9f695fed08:   00007fa0536e5803 0000000000002000
0x00007f9f695fed18:   0000000000000000 0000000000000000
0x00007f9f695fed28:   00007f9f69d4bf09 0000000000000000
0x00007f9f695fed38:   00007f9f69d5ea48 00007f9f5eeea040
0x00007f9f695fed48:   00007f9f746bdf00 0000000000000000
0x00007f9f695fed58:   00007f9f69d5ecd2 00007f9f946a11d0
0x00007f9f695fed68:   00007f9f5ef2a040 00000400746acd80
0x00007f9f695fed78:   00007f9f695fed90 00007f9f695fee00
0x00007f9f695fed88:   00007f9f69d5ee75 00001fa00000037f
0x00007f9f695fed98:   00007f9f695fee08 0000000000000000
0x00007f9f695feda8:   0000000000002000 00007f9f946a11d0
0x00007f9f695fedb8:   0000000000000000 00007f9f746b9d70
0x00007f9f695fedc8:   0000000000000008 00007f9f695fee08
0x00007f9f695fedd8:   00007f9f69a36544 0000000000000000
0x00007f9f695fede8:   00007f9f695fee00 0000000000002000
0x00007f9f695fedf8:   00000000000063d8 00007f9f5ef2a040
0x00007f9f695fee08:   0000000000002000 0000000000000000
0x00007f9f695fee18:   00007f9f7411a1c0 0000000000000000
0x00007f9f695fee28:   00007f9f695ff640 0000000000000002
0x00007f9f695fee38:   00007fa0536947d0 00007f9f8c221030
0x00007f9f695fee48:   00007f9f69a2973a 00007f9f695ff640 

Instructions: (pc=0x00007f9f69a204d1)
0x00007f9f69a203d1:   00 00 00 00 75 da 44 89 4c 24 0c b8 02 00 00 00
0x00007f9f69a203e1:   4c 8d 3d c8 f1 01 00 f3 0f 10 64 24 0c e9 80 fa
0x00007f9f69a203f1:   ff ff 66 66 66 66 2e 0f 1f 84 00 00 00 00 00 41
0x00007f9f69a20401:   57 41 56 41 55 41 54 55 48 89 fd 53 48 81 ec 48
0x00007f9f69a20411:   01 00 00 48 8d 84 24 30 01 00 00 89 94 24 14 01
0x00007f9f69a20421:   00 00 48 89 b4 24 08 01 00 00 48 89 c7 48 89 84
0x00007f9f69a20431:   24 18 01 00 00 e8 f5 97 00 00 48 8d 95 90 41 00
0x00007f9f69a20441:   00 0f 57 c9 f3 0f 10 15 9f f1 01 00 48 89 94 24
0x00007f9f69a20451:   e8 00 00 00 83 bc 24 14 01 00 00 00 0f 8e 3a 13
0x00007f9f69a20461:   00 00 81 bc 24 14 01 00 00 00 08 00 00 bb 00 08
0x00007f9f69a20471:   00 00 0f 46 9c 24 14 01 00 00 45 31 ed 41 89 de
0x00007f9f69a20481:   49 c1 e6 02 4c 8b a4 24 e8 00 00 00 31 f6 4c 89
0x00007f9f69a20491:   f2 f3 0f 11 4c 24 20 f3 0f 11 54 24 10 4b 8d 7c
0x00007f9f69a204a1:   25 00 49 81 c5 00 20 00 00 e8 99 7d fe ff 49 81
0x00007f9f69a204b1:   fd 00 20 01 00 f3 0f 10 4c 24 20 f3 0f 10 54 24
0x00007f9f69a204c1:   10 75 c1 48 8b 85 f8 61 01 00 48 89 ef ff 50 58
0x00007f9f69a204d1:   4c 8b b5 f0 61 01 00 f3 0f 10 4c 24 20 f3 0f 10
0x00007f9f69a204e1:   54 24 10 4d 85 f6 0f 84 8e 12 00 00 f3 0f 11 8c
0x00007f9f69a204f1:   24 d4 00 00 00 c7 84 24 d8 00 00 00 00 00 00 38
0x00007f9f69a20501:   4c 89 a4 24 f0 00 00 00 45 8b 6e 7c c7 84 24 e0
0x00007f9f69a20511:   00 00 00 00 00 00 00 45 85 ed 0f 84 cc 03 00 00
0x00007f9f69a20521:   49 63 86 88 00 00 00 4d 8b a6 80 00 00 00 4d 8d
0x00007f9f69a20531:   3c c4 4d 39 fc 75 1a eb