#
# A fatal error has been detected by the Java Runtime Environment:
#
#  SIGSEGV (0xb) at pc=0x0000000000000000, pid=23182, tid=23252
#
# JRE version: OpenJDK Runtime Environment Temurin-21+35 (21.0+35) (build 21+35-LTS)
# Java VM: OpenJDK 64-Bit Server VM Temurin-21+35 (21+35-LTS, mixed mode, sharing, tiered, compressed oops, compressed class ptrs, g1 gc, linux-amd64)
# Problematic frame:
# C  [libopenal64.so+0x204d1]  aluMixData+0xd1
#
# Core dump will be written. Default location: Core dumps may be processed with "/usr/share/apport/apport -p%p -s%s -c%c -d%d -P%P -u%u -g%g -- %E" (or dumping to /home/lucas/Documents/r-ok/core.23182)
#
# If you would like to submit a bug report, please visit:
#   https://github.com/adoptium/adoptium-support/issues
#

---------------  S U M M A R Y ------------

Command Line: -javaagent:/home/lucas/Téléchargements/ideaIU-2023.2.3/idea-IU-232.10072.27/lib/idea_rt.jar=46865:/home/lucas/Téléchargements/ideaIU-2023.2.3/idea-IU-232.10072.27/bin -Dfile.encoding=UTF-8 -Dsun.stdout.encoding=UTF-8 -Dsun.stderr.encoding=UTF-8 fr.did.R_OK

Host: Intel(R) Core(TM) i5-6400 CPU @ 2.70GHz, 4 cores, 7G, Ubuntu 22.04.3 LTS
Time: Thu Apr 25 16:49:14 2024 CEST elapsed time: 116.399372 seconds (0d 0h 1m 56s)

---------------  T H R E A D  ---------------

Current thread is native thread

Stack: [0x000074d132100000,0x000074d132200000],  sp=0x000074d1321fec60,  free space=1019k
Native frames: (J=compiled Java code, j=interpreted, Vv=VM code, C=native code)
C  [libopenal64.so+0x204d1]  aluMixData+0xd1

siginfo: si_signo: 11 (SIGSEGV), si_code: 1 (SEGV_MAPERR), si_addr: 0x0000000000000000

Registers:
RAX=0x000074d1488577c0, RBX=0x0000000000000400, RCX=0x0000000000000000, RDX=0x000074d13c55c8e0
RSP=0x000074d1321fec58, RBP=0x000074d13c548750, RSI=0x0000000000000000, RDI=0x000074d13c548750
R8 =0x000074d13c560ae0, R9 =0x0000000000000000, R10=0x000074d1321feda0, R11=0x0000000000000202
R12=0x000074d13c54c8e0, R13=0x0000000000012000, R14=0x0000000000001000, R15=0x000074d1321fee08
RIP=0x0000000000000000, EFLAGS=0x0000000000010246, CSGSFS=0x002b000000000033, ERR=0x0000000000000014
  TRAPNO=0x000000000000000e


Top of Stack: (sp=0x000074d1321fec58)
0x000074d1321fec58:   000074d1486204d1 000074d154001920
0x000074d1321fec68:   000000006489a100 00000000bb800000
0x000074d1321fec78:   000074d1480e43a0 000074d100000000
0x000074d1321fec88:   000074d21cb148d4 000074d1321fece7
0x000074d1321fec98:   0000000000000001 000074d1321fecf7
0x000074d1321feca8:   0000000000000001 000074d154005c20
0x000074d1321fecb8:   000074d1480c90c6 000074d1540018e0
0x000074d1321fecc8:   0000000000002000 0000000000000000
0x000074d1321fecd8:   0000000000000000 0000000000000000
0x000074d1321fece8:   000074d1481480ee 570074d1321fed10
0x000074d1321fecf8:   2225dd316489a100 0000000000002000
0x000074d1321fed08:   000074d21cae5803 0000000000002000
0x000074d1321fed18:   0000000000000000 0000000000000000
0x000074d1321fed28:   000074d1480cbf09 0000000000000000
0x000074d1321fed38:   000074d1480dea48 000074d127b3a040
0x000074d1321fed48:   000074d13c54c8e0 0000000000000000
0x000074d1321fed58:   000074d1480decd2 000074d1606b1f20
0x000074d1321fed68:   000074d127b1a040 000004003c536280
0x000074d1321fed78:   000074d1321fed90 000074d1321fee00
0x000074d1321fed88:   000074d1480dee75 00001fa00000037f
0x000074d1321fed98:   000074d1321fee08 0000000000000000
0x000074d1321feda8:   0000000000002000 000074d1606b1f20
0x000074d1321fedb8:   0000000000000000 000074d13c548750
0x000074d1321fedc8:   0000000000000008 000074d1321fee08
0x000074d1321fedd8:   000074d148636544 0000000000000000
0x000074d1321fede8:   000074d1321fee00 0000000000002000
0x000074d1321fedf8:   00000000000063d8 000074d127b1a040
0x000074d1321fee08:   0000000000002000 0000000000000000
0x000074d1321fee18:   000074d13c46b090 0000000000000000
0x000074d1321fee28:   000074d1321ff640 0000000000000002
0x000074d1321fee38:   000074d21ca947d0 000074d148e21030
0x000074d1321fee48:   000074d14862973a 000074d1321ff640 

Instructions: (pc=0x000074d1486204d1)
0x000074d1486203d1:   00 00 00 00 75 da 44 89 4c 24 0c b8 02 00 00 00
0x000074d1486203e1:   4c 8d 3d c8 f1 01 00 f3 0f 10 64 24 0c e9 80 fa
0x000074d1486203f1:   ff ff 66 66 66 66 2e 0f 1f 84 00 00 00 00 00 41
0x000074d148620401:   57 41 56 41 55 41 54 55 48 89 fd 53 48 81 ec 48
0x000074d148620411:   01 00 00 48 8d 84 24 30 01 00 00 89 94 24 14 01
0x000074d148620421:   00 00 48 89 b4 24 08 01 00 00 48 89 c7 48 89 84
0x000074d148620431:   24 18 01 00 00 e8 f5 97 00 00 48 8d 95 90 41 00
0x000074d148620441:   00 0f 57 c9 f3 0f 10 15 9f f1 01 00 48 89 94 24
0x000074d148620451:   e8 00 00 00 83 bc 24 14 01 00 00 00 0f 8e 3a 13
0x000074d148620461:   00 00 81 bc 24 14 01 00 00 00 08 00 00 bb 00 08
0x000074d148620471:   00 00 0f 46 9c 24 14 01 00 00 45 31 ed 41 89 de
0x000074d148620481:   49 c1 e6 02 4c 8b a4 24 e8 00 00 00 31 f6 4c 89
0x000074d148620491:   f2 f3 0f 11 4c 24 20 f3 0f 11 54 24 10 4b 8d 7c
0x000074d1486204a1:   25 00 49 81 c5 00 20 00 00 e8 99 7d fe ff 49 81
0x000074d1486204b1:   fd 00 20 01 00 f3 0f 10 4c 24 20 f3 0f 10 54 24
0x000074d1486204c1:   10 75 c1 48 8b 85 f8 61 01 00 48 89 ef ff 50 58
0x000074d1486204d1:   4c 8b b5 f0 61 01 00 f3 0f 10 4c 24 20 f3 0f 10
0x000074d1486204e1:   54 24 10 4d 85 f6 0f 84 8e 12 00 00 f3 0f 11 8c
0x000074d1486204f1:   24 d4 00 00 00 c7 84 24 d8 00 00 00 00 00 00 38
0x000074d148620501:   4c 89 a4 24 f0 00 00 00 45 8b 6e 7c c7 84 24 e0
0x000074d148620511:   00 00 00 00 00 00 00 45 85 ed 0f 84 cc 03 00 00
0x000074d148620521:   49 63 86 88 00 00 00 4d 8b a6 80 00 00 00 4d 8d
0x000074d148620531:   3c c4 4d 39 fc 75 1a eb 5d 49 83 ef 08 41 83 ae
0x000074d148620541:   88 00 00 00 01 49 8b 07 4d 39 e7 49 89 04 24 74
0x000074d148620551:   45 49 8b 3c 24 8b 87 80 00 00 00 3d 12 10 00 00
0x000074d148620561:   75 d7 45 85 ed 0f 84 f8 02 00 00 89 da 48 89 ee
0x000074d148620571:   49 83 c4 