#
# A fatal error has been detected by the Java Runtime Environment:
#
#  SIGSEGV (0xb) at pc=0x0000000000000000, pid=18541, tid=18619
#
# JRE version: OpenJDK Runtime Environment Temurin-21+35 (21.0+35) (build 21+35-LTS)
# Java VM: OpenJDK 64-Bit Server VM Temurin-21+35 (21+35-LTS, mixed mode, sharing, tiered, compressed oops, compressed class ptrs, g1 gc, linux-amd64)
# Problematic frame:
# C  [libopenal64.so+0x204d1]  aluMixData+0xd1
#
# Core dump will be written. Default location: Core dumps may be processed with "/usr/share/apport/apport -p%p -s%s -c%c -d%d -P%P -u%u -g%g -- %E" (or dumping to /home/lucas/Documents/r-ok/core.18541)
#
# If you would like to submit a bug report, please visit:
#   https://github.com/adoptium/adoptium-support/issues
#

---------------  S U M M A R Y ------------

Command Line: -javaagent:/home/lucas/Téléchargements/ideaIU-2023.2.3/idea-IU-232.10072.27/lib/idea_rt.jar=32905:/home/lucas/Téléchargements/ideaIU-2023.2.3/idea-IU-232.10072.27/bin -Dfile.encoding=UTF-8 -Dsun.stdout.encoding=UTF-8 -Dsun.stderr.encoding=UTF-8 fr.did.R_OK

Host: Intel(R) Core(TM) i5-6400 CPU @ 2.70GHz, 4 cores, 7G, Ubuntu 22.04.3 LTS
Time: Thu Apr 25 15:46:59 2024 CEST elapsed time: 117.112864 seconds (0d 0h 1m 57s)

---------------  T H R E A D  ---------------

Current thread is native thread

Stack: [0x000077c268d00000,0x000077c268e00000],  sp=0x000077c268dfec60,  free space=1019k
Native frames: (J=compiled Java code, j=interpreted, Vv=VM code, C=native code)
C  [libopenal64.so+0x204d1]  aluMixData+0xd1

siginfo: si_signo: 11 (SIGSEGV), si_code: 1 (SEGV_MAPERR), si_addr: 0x0000000000000000

Registers:
RAX=0x000077c2694577c0, RBX=0x0000000000000400, RCX=0x0000000000000000, RDX=0x000077c2806b5fb0
RSP=0x000077c268dfec58, RBP=0x000077c2806a1e20, RSI=0x0000000000000000, RDI=0x000077c2806a1e20
R8 =0x000077c280699e70, R9 =0x0000000000000000, R10=0x000077c268dfeda0, R11=0x0000000000000202
R12=0x000077c2806a5fb0, R13=0x0000000000012000, R14=0x0000000000001000, R15=0x000077c268dfee08
RIP=0x0000000000000000, EFLAGS=0x0000000000010246, CSGSFS=0x002b000000000033, ERR=0x0000000000000014
  TRAPNO=0x000000000000000e


Top of Stack: (sp=0x000077c268dfec58)
0x000077c268dfec58:   000077c2692204d1 000077c288001920
0x000077c268dfec68:   00000000a1184500 00000000bb800000
0x000077c268dfec78:   000077c2695643a0 000077c200000000
0x000077c268dfec88:   000077c352f148d4 000077c268dfece7
0x000077c268dfec98:   0000000000000001 000077c268dfecf7
0x000077c268dfeca8:   0000000000000001 000077c288005c20
0x000077c268dfecb8:   000077c2695490c6 000077c2880018e0
0x000077c268dfecc8:   0000000000002000 0000000000000000
0x000077c268dfecd8:   0000000000000000 0000000000000000
0x000077c268dfece8:   000077c2695c80ee 570077c268dfed10
0x000077c268dfecf8:   068645eda1184500 0000000000002000
0x000077c268dfed08:   000077c352ee5803 0000000000002000
0x000077c268dfed18:   0000000000000000 0000000000000000
0x000077c268dfed28:   000077c26954bf09 0000000000000000
0x000077c268dfed38:   000077c26955ea48 000077c25e71a040
0x000077c268dfed48:   000077c2806a5fb0 0000000000000000
0x000077c268dfed58:   000077c26955ecd2 000077c29478aa30
0x000077c268dfed68:   000077c25e70a040 000004008069e330
0x000077c268dfed78:   000077c268dfed90 000077c268dfee00
0x000077c268dfed88:   000077c26955ee75 00001fa00000037f
0x000077c268dfed98:   000077c268dfee08 0000000000000000
0x000077c268dfeda8:   0000000000002000 000077c29478aa30
0x000077c268dfedb8:   0000000000000000 000077c2806a1e20
0x000077c268dfedc8:   0000000000000008 000077c268dfee08
0x000077c268dfedd8:   000077c269236544 0000000000000000
0x000077c268dfede8:   000077c268dfee00 0000000000002000
0x000077c268dfedf8:   00000000000063d8 000077c25e70a040
0x000077c268dfee08:   0000000000002000 0000000000000000
0x000077c268dfee18:   000077c280572040 0000000000000000
0x000077c268dfee28:   000077c268dff640 0000000000000002
0x000077c268dfee38:   000077c352e947d0 000077c28c1fe030
0x000077c268dfee48:   000077c26922973a 000077c268dff640 

Instructions: (pc=0x000077c2692204d1)
0x000077c2692203d1:   00 00 00 00 75 da 44 89 4c 24 0c b8 02 00 00 00
0x000077c2692203e1:   4c 8d 3d c8 f1 01 00 f3 0f 10 64 24 0c e9 80 fa
0x000077c2692203f1:   ff ff 66 66 66 66 2e 0f 1f 84 00 00 00 00 00 41
0x000077c269220401:   57 41 56 41 55 41 54 55 48 89 fd 53 48 81 ec 48
0x000077c269220411:   01 00 00 48 8d 84 24 30 01 00 00 89 94 24 14 01
0x000077c269220421:   00 00 48 89 b4 24 08 01 00 00 48 89 c7 48 89 84
0x000077c269220431:   24 18 01 00 00 e8 f5 97 00 00 48 8d 95 90 41 00
0x000077c269220441:   00 0f 57 c9 f3 0f 10 15 9f f1 01 00 48 89 94 24
0x000077c269220451:   e8 00 00 00 83 bc 24 14 01 00 00 00 0f 8e 3a 13
0x000077c269220461:   00 00 81 bc 24 14 01 00 00 00 08 00 00 bb 00 08
0x000077c269220471:   00 00 0f 46 9c 24 14 01 00 00 45 31 ed 41 89 de
0x000077c269220481:   49 c1 e6